  [1m[35m (0.1ms)[0m  [1m[34mSELECT sqlite_version(*)[0m
  [1m[35m (185.6ms)[0m  [1m[35mCREATE TABLE "schema_migrations" ("version" varchar NOT NULL PRIMARY KEY)[0m
  [1m[35m (164.1ms)[0m  [1m[35mCREATE TABLE "ar_internal_metadata" ("key" varchar NOT NULL PRIMARY KEY, "value" varchar, "created_at" datetime NOT NULL, "updated_at" datetime NOT NULL)[0m
  [1m[35m (0.3ms)[0m  [1m[34mSELECT "schema_migrations"."version" FROM "schema_migrations" ORDER BY "schema_migrations"."version" ASC[0m
Migrating to CreatePosts (20180526023841)
  [1m[35m (0.1ms)[0m  [1m[36mbegin transaction[0m
  [1m[35m (0.5ms)[0m  [1m[35mCREATE TABLE "posts" ("id" INTEGER PRIMARY KEY AUTOINCREMENT NOT NULL, "title" varchar, "content" varchar, "created_at" datetime NOT NULL, "updated_at" datetime NOT NULL)[0m
  [1m[35mSQL (0.2ms)[0m  [1m[32mINSERT INTO "schema_migrations" ("version") VALUES (?)[0m  [["version", "20180526023841"]]
  [1m[35m (113.7ms)[0m  [1m[36mcommit transaction[0m
  [1m[36mActiveRecord::InternalMetadata Load (0.2ms)[0m  [1m[34mSELECT  "ar_internal_metadata".* FROM "ar_internal_metadata" WHERE "ar_internal_metadata"."key" = ? LIMIT ?[0m  [["key", "environment"], ["LIMIT", 1]]
  [1m[35m (0.1ms)[0m  [1m[36mbegin transaction[0m
  [1m[35mSQL (0.6ms)[0m  [1m[32mINSERT INTO "ar_internal_metadata" ("key", "value", "created_at", "updated_at") VALUES (?, ?, ?, ?)[0m  [["key", "environment"], ["value", "development"], ["created_at", "2018-05-26 02:38:55.190150"], ["updated_at", "2018-05-26 02:38:55.190150"]]
  [1m[35m (130.5ms)[0m  [1m[36mcommit transaction[0m
  [1m[35m (0.2ms)[0m  [1m[34mSELECT "schema_migrations"."version" FROM "schema_migrations" ORDER BY "schema_migrations"."version" ASC[0m
  [1m[35m (0.2ms)[0m  [1m[34mSELECT "schema_migrations"."version" FROM "schema_migrations" ORDER BY "schema_migrations"."version" ASC[0m
  [1m[35m (0.1ms)[0m  [1m[36mbegin transaction[0m
  [1m[35mSQL (1.0ms)[0m  [1m[32mINSERT INTO "posts" ("title", "content", "created_at", "updated_at") VALUES (?, ?, ?, ?)[0m  [["title", "TitleTest"], ["content", "ContentTest"], ["created_at", "2018-05-26 02:39:45.479122"], ["updated_at", "2018-05-26 02:39:45.479122"]]
  [1m[35m (81.5ms)[0m  [1m[36mcommit transaction[0m
  [1m[35m (0.1ms)[0m  [1m[36mbegin transaction[0m
  [1m[35mSQL (0.3ms)[0m  [1m[32mINSERT INTO "posts" ("title", "content", "created_at", "updated_at") VALUES (?, ?, ?, ?)[0m  [["title", "TitleTest"], ["content", "ContentTest"], ["created_at", "2018-05-26 02:39:45.564719"], ["updated_at", "2018-05-26 02:39:45.564719"]]
  [1m[35m (122.7ms)[0m  [1m[36mcommit transaction[0m
  [1m[35m (0.2ms)[0m  [1m[36mbegin transaction[0m
  [1m[35mSQL (0.6ms)[0m  [1m[32mINSERT INTO "posts" ("title", "content", "created_at", "updated_at") VALUES (?, ?, ?, ?)[0m  [["title", "TitleTest"], ["content", "ContentTest"], ["created_at", "2018-05-26 02:39:45.691186"], ["updated_at", "2018-05-26 02:39:45.691186"]]
  [1m[35m (147.2ms)[0m  [1m[36mcommit transaction[0m
  [1m[35m (0.1ms)[0m  [1m[36mbegin transaction[0m
  [1m[35mSQL (0.3ms)[0m  [1m[32mINSERT INTO "posts" ("title", "content", "created_at", "updated_at") VALUES (?, ?, ?, ?)[0m  [["title", "TitleTest"], ["content", "ContentTest"], ["created_at", "2018-05-26 02:39:45.842332"], ["updated_at", "2018-05-26 02:39:45.842332"]]
  [1m[35m (109.2ms)[0m  [1m[36mcommit transaction[0m
  [1m[35m (0.1ms)[0m  [1m[36mbegin transaction[0m
  [1m[35mSQL (0.3ms)[0m  [1m[32mINSERT INTO "posts" ("title", "content", "created_at", "updated_at") VALUES (?, ?, ?, ?)[0m  [["title", "TitleTest"], ["content", "ContentTest"], ["created_at", "2018-05-26 02:39:45.953803"], ["updated_at", "2018-05-26 02:39:45.953803"]]
  [1m[35m (97.6ms)[0m  [1m[36mcommit transaction[0m
  [1m[35m (0.1ms)[0m  [1m[36mbegin transaction[0m
  [1m[35mSQL (0.3ms)[0m  [1m[32mINSERT INTO "posts" ("title", "content", "created_at", "updated_at") VALUES (?, ?, ?, ?)[0m  [["title", "TitleTest"], ["content", "ContentTest"], ["created_at", "2018-05-26 02:39:46.053540"], ["updated_at", "2018-05-26 02:39:46.053540"]]
  [1m[35m (119.0ms)[0m  [1m[36mcommit transaction[0m
  [1m[35m (0.1ms)[0m  [1m[36mbegin transaction[0m
  [1m[35mSQL (0.4ms)[0m  [1m[32mINSERT INTO "posts" ("title", "content", "created_at", "updated_at") VALUES (?, ?, ?, ?)[0m  [["title", "TitleTest"], ["content", "ContentTest"], ["created_at", "2018-05-26 02:39:46.175275"], ["updated_at", "2018-05-26 02:39:46.175275"]]
  [1m[35m (120.4ms)[0m  [1m[36mcommit transaction[0m
  [1m[35m (0.1ms)[0m  [1m[36mbegin transaction[0m
  [1m[35mSQL (0.3ms)[0m  [1m[32mINSERT INTO "posts" ("title", "content", "created_at", "updated_at") VALUES (?, ?, ?, ?)[0m  [["title", "TitleTest"], ["content", "ContentTest"], ["created_at", "2018-05-26 02:39:46.298173"], ["updated_at", "2018-05-26 02:39:46.298173"]]
  [1m[35m (152.5ms)[0m  [1m[36mcommit transaction[0m
  [1m[35m (0.1ms)[0m  [1m[36mbegin transaction[0m
  [1m[35mSQL (0.4ms)[0m  [1m[32mINSERT INTO "posts" ("title", "content", "created_at", "updated_at") VALUES (?, ?, ?, ?)[0m  [["title", "TitleTest"], ["content", "ContentTest"], ["created_at", "2018-05-26 02:39:46.452629"], ["updated_at", "2018-05-26 02:39:46.452629"]]
  [1m[35m (163.9ms)[0m  [1m[36mcommit transaction[0m
  [1m[35m (0.1ms)[0m  [1m[36mbegin transaction[0m
  [1m[35mSQL (0.3ms)[0m  [1m[32mINSERT INTO "posts" ("title", "content", "created_at", "updated_at") VALUES (?, ?, ?, ?)[0m  [["title", "TitleTest"], ["content", "ContentTest"], ["created_at", "2018-05-26 02:39:46.619466"], ["updated_at", "2018-05-26 02:39:46.619466"]]
  [1m[35m (187.6ms)[0m  [1m[36mcommit transaction[0m
  [1m[35m (0.1ms)[0m  [1m[36mbegin transaction[0m
  [1m[35mSQL (0.4ms)[0m  [1m[32mINSERT INTO "posts" ("title", "content", "created_at", "updated_at") VALUES (?, ?, ?, ?)[0m  [["title", "TitleTest"], ["content", "ContentTest"], ["created_at", "2018-05-26 02:39:46.809121"], ["updated_at", "2018-05-26 02:39:46.809121"]]
  [1m[35m (73.0ms)[0m  [1m[36mcommit transaction[0m
  [1m[35m (0.1ms)[0m  [1m[36mbegin transaction[0m
  [1m[35mSQL (0.3ms)[0m  [1m[32mINSERT INTO "posts" ("title", "content", "created_at", "updated_at") VALUES (?, ?, ?, ?)[0m  [["title", "TitleTest"], ["content", "ContentTest"], ["created_at", "2018-05-26 02:39:46.885171"], ["updated_at", "2018-05-26 02:39:46.885171"]]
  [1m[35m (63.4ms)[0m  [1m[36mcommit transaction[0m
  [1m[35m (0.1ms)[0m  [1m[36mbegin transaction[0m
  [1m[35mSQL (0.3ms)[0m  [1m[32mINSERT INTO "posts" ("title", "content", "created_at", "updated_at") VALUES (?, ?, ?, ?)[0m  [["title", "TitleTest"], ["content", "ContentTest"], ["created_at", "2018-05-26 02:39:46.951708"], ["updated_at", "2018-05-26 02:39:46.951708"]]
  [1m[35m (75.6ms)[0m  [1m[36mcommit transaction[0m
  [1m[35m (0.1ms)[0m  [1m[36mbegin transaction[0m
  [1m[35mSQL (0.3ms)[0m  [1m[32mINSERT INTO "posts" ("title", "content", "created_at", "updated_at") VALUES (?, ?, ?, ?)[0m  [["title", "TitleTest"], ["content", "ContentTest"], ["created_at", "2018-05-26 02:39:47.029668"], ["updated_at", "2018-05-26 02:39:47.029668"]]
  [1m[35m (64.0ms)[0m  [1m[36mcommit transaction[0m
  [1m[35m (0.1ms)[0m  [1m[36mbegin transaction[0m
  [1m[35mSQL (0.3ms)[0m  [1m[32mINSERT INTO "posts" ("title", "content", "created_at", "updated_at") VALUES (?, ?, ?, ?)[0m  [["title", "TitleTest"], ["content", "ContentTest"], ["created_at", "2018-05-26 02:39:47.096103"], ["updated_at", "2018-05-26 02:39:47.096103"]]
  [1m[35m (75.0ms)[0m  [1m[36mcommit transaction[0m
  [1m[35m (0.1ms)[0m  [1m[36mbegin transaction[0m
  [1m[35mSQL (0.6ms)[0m  [1m[32mINSERT INTO "posts" ("title", "content", "created_at", "updated_at") VALUES (?, ?, ?, ?)[0m  [["title", "TitleTest"], ["content", "ContentTest"], ["created_at", "2018-05-26 02:39:47.176842"], ["updated_at", "2018-05-26 02:39:47.176842"]]
  [1m[35m (60.9ms)[0m  [1m[36mcommit transaction[0m
  [1m[35m (0.1ms)[0m  [1m[36mbegin transaction[0m
  [1m[35mSQL (0.7ms)[0m  [1m[32mINSERT INTO "posts" ("title", "content", "created_at", "updated_at") VALUES (?, ?, ?, ?)[0m  [["title", "TitleTest"], ["content", "ContentTest"], ["created_at", "2018-05-26 02:39:47.242103"], ["updated_at", "2018-05-26 02:39:47.242103"]]
  [1m[35m (61.5ms)[0m  [1m[36mcommit transaction[0m
  [1m[35m (0.1ms)[0m  [1m[36mbegin transaction[0m
  [1m[35mSQL (0.4ms)[0m  [1m[32mINSERT INTO "posts" ("title", "content", "created_at", "updated_at") VALUES (?, ?, ?, ?)[0m  [["title", "TitleTest"], ["content", "ContentTest"], ["created_at", "2018-05-26 02:39:47.307525"], ["updated_at", "2018-05-26 02:39:47.307525"]]
  [1m[35m (51.4ms)[0m  [1m[36mcommit transaction[0m
  [1m[35m (0.1ms)[0m  [1m[36mbegin transaction[0m
  [1m[35mSQL (0.3ms)[0m  [1m[32mINSERT INTO "posts" ("title", "content", "created_at", "updated_at") VALUES (?, ?, ?, ?)[0m  [["title", "TitleTest"], ["content", "ContentTest"], ["created_at", "2018-05-26 02:39:47.362323"], ["updated_at", "2018-05-26 02:39:47.362323"]]
  [1m[35m (53.6ms)[0m  [1m[36mcommit transaction[0m
  [1m[35m (0.1ms)[0m  [1m[36mbegin transaction[0m
  [1m[35mSQL (0.3ms)[0m  [1m[32mINSERT INTO "posts" ("title", "content", "created_at", "updated_at") VALUES (?, ?, ?, ?)[0m  [["title", "TitleTest"], ["content", "ContentTest"], ["created_at", "2018-05-26 02:39:47.418497"], ["updated_at", "2018-05-26 02:39:47.418497"]]
  [1m[35m (51.0ms)[0m  [1m[36mcommit transaction[0m
  [1m[35m (0.2ms)[0m  [1m[36mbegin transaction[0m
  [1m[35mSQL (0.4ms)[0m  [1m[32mINSERT INTO "posts" ("title", "content", "created_at", "updated_at") VALUES (?, ?, ?, ?)[0m  [["title", "TitleTest"], ["content", "ContentTest"], ["created_at", "2018-05-26 02:39:47.474058"], ["updated_at", "2018-05-26 02:39:47.474058"]]
  [1m[35m (74.0ms)[0m  [1m[36mcommit transaction[0m
  [1m[35m (0.1ms)[0m  [1m[36mbegin transaction[0m
  [1m[35mSQL (0.3ms)[0m  [1m[32mINSERT INTO "posts" ("title", "content", "created_at", "updated_at") VALUES (?, ?, ?, ?)[0m  [["title", "TitleTest"], ["content", "ContentTest"], ["created_at", "2018-05-26 02:39:47.551176"], ["updated_at", "2018-05-26 02:39:47.551176"]]
  [1m[35m (75.2ms)[0m  [1m[36mcommit transaction[0m
  [1m[35m (0.1ms)[0m  [1m[36mbegin transaction[0m
  [1m[35mSQL (0.3ms)[0m  [1m[32mINSERT INTO "posts" ("title", "content", "created_at", "updated_at") VALUES (?, ?, ?, ?)[0m  [["title", "TitleTest"], ["content", "ContentTest"], ["created_at", "2018-05-26 02:39:47.628648"], ["updated_at", "2018-05-26 02:39:47.628648"]]
  [1m[35m (52.0ms)[0m  [1m[36mcommit transaction[0m
  [1m[35m (0.1ms)[0m  [1m[36mbegin transaction[0m
  [1m[35mSQL (0.3ms)[0m  [1m[32mINSERT INTO "posts" ("title", "content", "created_at", "updated_at") VALUES (?, ?, ?, ?)[0m  [["title", "TitleTest"], ["content", "ContentTest"], ["created_at", "2018-05-26 02:39:47.683890"], ["updated_at", "2018-05-26 02:39:47.683890"]]
  [1m[35m (63.4ms)[0m  [1m[36mcommit transaction[0m
  [1m[35m (0.1ms)[0m  [1m[36mbegin transaction[0m
  [1m[35mSQL (0.3ms)[0m  [1m[32mINSERT INTO "posts" ("title", "content", "created_at", "updated_at") VALUES (?, ?, ?, ?)[0m  [["title", "TitleTest"], ["content", "ContentTest"], ["created_at", "2018-05-26 02:39:47.750625"], ["updated_at", "2018-05-26 02:39:47.750625"]]
  [1m[35m (54.0ms)[0m  [1m[36mcommit transaction[0m
  [1m[35m (0.1ms)[0m  [1m[36mbegin transaction[0m
  [1m[35mSQL (0.7ms)[0m  [1m[32mINSERT INTO "posts" ("title", "content", "created_at", "updated_at") VALUES (?, ?, ?, ?)[0m  [["title", "TitleTest"], ["content", "ContentTest"], ["created_at", "2018-05-26 02:39:47.806488"], ["updated_at", "2018-05-26 02:39:47.806488"]]
  [1m[35m (73.6ms)[0m  [1m[36mcommit transaction[0m
  [1m[35m (0.1ms)[0m  [1m[36mbegin transaction[0m
  [1m[35mSQL (0.8ms)[0m  [1m[32mINSERT INTO "posts" ("title", "content", "created_at", "updated_at") VALUES (?, ?, ?, ?)[0m  [["title", "TitleTest"], ["content", "ContentTest"], ["created_at", "2018-05-26 02:39:47.884009"], ["updated_at", "2018-05-26 02:39:47.884009"]]
  [1m[35m (51.8ms)[0m  [1m[36mcommit transaction[0m
  [1m[35m (0.1ms)[0m  [1m[36mbegin transaction[0m
  [1m[35mSQL (0.3ms)[0m  [1m[32mINSERT INTO "posts" ("title", "content", "created_at", "updated_at") VALUES (?, ?, ?, ?)[0m  [["title", "TitleTest"], ["content", "ContentTest"], ["created_at", "2018-05-26 02:39:47.939280"], ["updated_at", "2018-05-26 02:39:47.939280"]]
  [1m[35m (53.3ms)[0m  [1m[36mcommit transaction[0m
  [1m[35m (0.1ms)[0m  [1m[36mbegin transaction[0m
  [1m[35mSQL (0.3ms)[0m  [1m[32mINSERT INTO "posts" ("title", "content", "created_at", "updated_at") VALUES (?, ?, ?, ?)[0m  [["title", "TitleTest"], ["content", "ContentTest"], ["created_at", "2018-05-26 02:39:47.994728"], ["updated_at", "2018-05-26 02:39:47.994728"]]
  [1m[35m (52.0ms)[0m  [1m[36mcommit transaction[0m
  [1m[35m (0.1ms)[0m  [1m[36mbegin transaction[0m
  [1m[35mSQL (0.3ms)[0m  [1m[32mINSERT INTO "posts" ("title", "content", "created_at", "updated_at") VALUES (?, ?, ?, ?)[0m  [["title", "TitleTest"], ["content", "ContentTest"], ["created_at", "2018-05-26 02:39:48.049290"], ["updated_at", "2018-05-26 02:39:48.049290"]]
  [1m[35m (64.8ms)[0m  [1m[36mcommit transaction[0m
  [1m[35m (0.1ms)[0m  [1m[36mbegin transaction[0m
  [1m[35mSQL (0.3ms)[0m  [1m[32mINSERT INTO "posts" ("title", "content", "created_at", "updated_at") VALUES (?, ?, ?, ?)[0m  [["title", "TitleTest"], ["content", "ContentTest"], ["created_at", "2018-05-26 02:39:48.116902"], ["updated_at", "2018-05-26 02:39:48.116902"]]
  [1m[35m (74.2ms)[0m  [1m[36mcommit transaction[0m
  [1m[35m (0.1ms)[0m  [1m[36mbegin transaction[0m
  [1m[35mSQL (0.3ms)[0m  [1m[32mINSERT INTO "posts" ("title", "content", "created_at", "updated_at") VALUES (?, ?, ?, ?)[0m  [["title", "TitleTest"], ["content", "ContentTest"], ["created_at", "2018-05-26 02:39:48.194156"], ["updated_at", "2018-05-26 02:39:48.194156"]]
  [1m[35m (63.4ms)[0m  [1m[36mcommit transaction[0m
  [1m[35m (0.1ms)[0m  [1m[36mbegin transaction[0m
  [1m[35mSQL (0.3ms)[0m  [1m[32mINSERT INTO "posts" ("title", "content", "created_at", "updated_at") VALUES (?, ?, ?, ?)[0m  [["title", "TitleTest"], ["content", "ContentTest"], ["created_at", "2018-05-26 02:39:48.261344"], ["updated_at", "2018-05-26 02:39:48.261344"]]
  [1m[35m (85.9ms)[0m  [1m[36mcommit transaction[0m
  [1m[35m (0.1ms)[0m  [1m[36mbegin transaction[0m
  [1m[35mSQL (0.4ms)[0m  [1m[32mINSERT INTO "posts" ("title", "content", "created_at", "updated_at") VALUES (?, ?, ?, ?)[0m  [["title", "TitleTest"], ["content", "ContentTest"], ["created_at", "2018-05-26 02:39:48.349489"], ["updated_at", "2018-05-26 02:39:48.349489"]]
  [1m[35m (64.8ms)[0m  [1m[36mcommit transaction[0m
  [1m[35m (0.1ms)[0m  [1m[36mbegin transaction[0m
  [1m[35mSQL (0.3ms)[0m  [1m[32mINSERT INTO "posts" ("title", "content", "created_at", "updated_at") VALUES (?, ?, ?, ?)[0m  [["title", "TitleTest"], ["content", "ContentTest"], ["created_at", "2018-05-26 02:39:48.416787"], ["updated_at", "2018-05-26 02:39:48.416787"]]
  [1m[35m (73.8ms)[0m  [1m[36mcommit transaction[0m
  [1m[35m (0.1ms)[0m  [1m[36mbegin transaction[0m
  [1m[35mSQL (0.9ms)[0m  [1m[32mINSERT INTO "posts" ("title", "content", "created_at", "updated_at") VALUES (?, ?, ?, ?)[0m  [["title", "TitleTest"], ["content", "ContentTest"], ["created_at", "2018-05-26 02:39:48.494071"], ["updated_at", "2018-05-26 02:39:48.494071"]]
  [1m[35m (120.0ms)[0m  [1m[36mcommit transaction[0m
  [1m[35m (0.1ms)[0m  [1m[36mbegin transaction[0m
  [1m[35mSQL (0.3ms)[0m  [1m[32mINSERT INTO "posts" ("title", "content", "created_at", "updated_at") VALUES (?, ?, ?, ?)[0m  [["title", "TitleTest"], ["content", "ContentTest"], ["created_at", "2018-05-26 02:39:48.616540"], ["updated_at", "2018-05-26 02:39:48.616540"]]
  [1m[35m (109.0ms)[0m  [1m[36mcommit transaction[0m
  [1m[35m (0.1ms)[0m  [1m[36mbegin transaction[0m
  [1m[35mSQL (0.3ms)[0m  [1m[32mINSERT INTO "posts" ("title", "content", "created_at", "updated_at") VALUES (?, ?, ?, ?)[0m  [["title", "TitleTest"], ["content", "ContentTest"], ["created_at", "2018-05-26 02:39:48.730614"], ["updated_at", "2018-05-26 02:39:48.730614"]]
  [1m[35m (138.3ms)[0m  [1m[36mcommit transaction[0m
  [1m[35m (0.1ms)[0m  [1m[36mbegin transaction[0m
  [1m[35mSQL (0.3ms)[0m  [1m[32mINSERT INTO "posts" ("title", "content", "created_at", "updated_at") VALUES (?, ?, ?, ?)[0m  [["title", "TitleTest"], ["content", "ContentTest"], ["created_at", "2018-05-26 02:39:48.871702"], ["updated_at", "2018-05-26 02:39:48.871702"]]
  [1m[35m (75.5ms)[0m  [1m[36mcommit transaction[0m
  [1m[35m (0.1ms)[0m  [1m[36mbegin transaction[0m
  [1m[35mSQL (0.3ms)[0m  [1m[32mINSERT INTO "posts" ("title", "content", "created_at", "updated_at") VALUES (?, ?, ?, ?)[0m  [["title", "TitleTest"], ["content", "ContentTest"], ["created_at", "2018-05-26 02:39:48.949106"], ["updated_at", "2018-05-26 02:39:48.949106"]]
  [1m[35m (110.4ms)[0m  [1m[36mcommit transaction[0m
Started GET "/posts?page=2" for 127.0.0.1 at 2018-05-25 21:40:12 -0500
  [1m[35m (0.3ms)[0m  [1m[34mSELECT "schema_migrations"."version" FROM "schema_migrations" ORDER BY "schema_migrations"."version" ASC[0m
Processing by PostsController#index as HTML
  Parameters: {"page"=>"2"}
  [1m[35m (0.3ms)[0m  [1m[34mSELECT COUNT(*) FROM "posts"[0m
  [1m[36mPost Load (0.6ms)[0m  [1m[34mSELECT  "posts".* FROM "posts" LIMIT ? OFFSET ?[0m  [["LIMIT", 10], ["OFFSET", 10]]
Completed 200 OK in 26ms (Views: 18.3ms | ActiveRecord: 2.1ms)


Started GET "/favicon.ico" for 127.0.0.1 at 2018-05-25 21:40:14 -0500
  
ActionController::RoutingError (No route matches [GET] "/favicon.ico"):
  
actionpack (5.1.5) lib/action_dispatch/middleware/debug_exceptions.rb:63:in `call'
actionpack (5.1.5) lib/action_dispatch/middleware/show_exceptions.rb:31:in `call'
railties (5.1.5) lib/rails/rack/logger.rb:36:in `call_app'
railties (5.1.5) lib/rails/rack/logger.rb:24:in `block in call'
activesupport (5.1.5) lib/active_support/tagged_logging.rb:69:in `block in tagged'
activesupport (5.1.5) lib/active_support/tagged_logging.rb:26:in `tagged'
activesupport (5.1.5) lib/active_support/tagged_logging.rb:69:in `tagged'
railties (5.1.5) lib/rails/rack/logger.rb:24:in `call'
actionpack (5.1.5) lib/action_dispatch/middleware/remote_ip.rb:79:in `call'
actionpack (5.1.5) lib/action_dispatch/middleware/request_id.rb:25:in `call'
rack (2.0.4) lib/rack/runtime.rb:22:in `call'
activesupport (5.1.5) lib/active_support/cache/strategy/local_cache_middleware.rb:27:in `call'
actionpack (5.1.5) lib/action_dispatch/middleware/executor.rb:12:in `call'
actionpack (5.1.5) lib/action_dispatch/middleware/static.rb:125:in `call'
rack (2.0.4) lib/rack/sendfile.rb:111:in `call'
rack-cors (1.0.2) lib/rack/cors.rb:97:in `call'
railties (5.1.5) lib/rails/engine.rb:522:in `call'
puma (3.11.3) lib/puma/configuration.rb:225:in `call'
puma (3.11.3) lib/puma/server.rb:624:in `handle_request'
puma (3.11.3) lib/puma/server.rb:438:in `process_client'
puma (3.11.3) lib/puma/server.rb:302:in `block in run'
puma (3.11.3) lib/puma/thread_pool.rb:120:in `block in spawn_thread'
Started GET "/posts?page=1" for 127.0.0.1 at 2018-05-25 21:40:26 -0500
Processing by PostsController#index as HTML
  Parameters: {"page"=>"1"}
  [1m[35m (0.1ms)[0m  [1m[34mSELECT COUNT(*) FROM "posts"[0m
  [1m[36mPost Load (0.2ms)[0m  [1m[34mSELECT  "posts".* FROM "posts" LIMIT ? OFFSET ?[0m  [["LIMIT", 10], ["OFFSET", 0]]
Completed 200 OK in 6ms (Views: 3.3ms | ActiveRecord: 0.7ms)


